This is pdfTeX, Version 3.1415926-2.4-1.40.13 (TeX Live 2012/Cygwin) (format=latex 2013.5.3)  4 AUG 2013 12:00
entering extended mode
 restricted \write18 enabled.
 Source specials enabled.
 %&-line parsing enabled.
**thesis.tex
(./thesis.tex
LaTeX2e <2011/06/27>
Babel <v3.8m> and hyphenation patterns for english, dumylang, nohyphenation, ge
rman-x-2012-05-30, ngerman-x-2012-05-30, afrikaans, ancientgreek, ibycus, arabi
c, armenian, basque, bulgarian, catalan, pinyin, coptic, croatian, czech, danis
h, dutch, ukenglish, usenglishmax, esperanto, estonian, ethiopic, farsi, finnis
h, french, friulan, galician, german, ngerman, swissgerman, monogreek, greek, h
ungarian, icelandic, assamese, bengali, gujarati, hindi, kannada, malayalam, ma
rathi, oriya, panjabi, tamil, telugu, indonesian, interlingua, irish, italian, 
kurmanji, latin, latvian, lithuanian, mongolian, mongolianlmc, bokmal, nynorsk,
 polish, portuguese, romanian, romansh, russian, sanskrit, serbian, serbianc, s
lovak, slovenian, spanish, swedish, turkish, turkmen, ukrainian, uppersorbian, 
welsh, loaded.
\@input{settings.aux}
\openout2 = `settings.aux'.

(./settings.tex) (/usr/share/texmf-dist/tex/latex/base/book.cls
Document Class: book 2007/10/19 v1.4h Standard LaTeX document class
(/usr/share/texmf-dist/tex/latex/base/bk12.clo
File: bk12.clo 2007/10/19 v1.4h Standard LaTeX file (size option)
)
\c@part=\count79
\c@chapter=\count80
\c@section=\count81
\c@subsection=\count82
\c@subsubsection=\count83
\c@paragraph=\count84
\c@subparagraph=\count85
\c@figure=\count86
\c@table=\count87
\abovecaptionskip=\skip41
\belowcaptionskip=\skip42
\bibindent=\dimen102
)
(/usr/share/texmf-dist/tex/latex/geometry/geometry.sty
Package: geometry 2010/09/12 v5.6 Page Geometry

(/usr/share/texmf-dist/tex/latex/graphics/keyval.sty
Package: keyval 1999/03/16 v1.13 key=value parser (DPC)
\KV@toks@=\toks14
)
(/usr/share/texmf-dist/tex/generic/oberdiek/ifpdf.sty
Package: ifpdf 2011/01/30 v2.3 Provides the ifpdf switch (HO)
Package ifpdf Info: pdfTeX in PDF mode is not detected.
)
(/usr/share/texmf-dist/tex/generic/oberdiek/ifvtex.sty
Package: ifvtex 2010/03/01 v1.5 Detect VTeX and its facilities (HO)
Package ifvtex Info: VTeX not detected.
)
(/usr/share/texmf-dist/tex/generic/ifxetex/ifxetex.sty
Package: ifxetex 2010/09/12 v0.6 Provides ifxetex conditional
)
\Gm@cnth=\count88
\Gm@cntv=\count89
\c@Gm@tempcnt=\count90
\Gm@bindingoffset=\dimen103
\Gm@wd@mp=\dimen104
\Gm@odd@mp=\dimen105
\Gm@even@mp=\dimen106
\Gm@layoutwidth=\dimen107
\Gm@layoutheight=\dimen108
\Gm@layouthoffset=\dimen109
\Gm@layoutvoffset=\dimen110
\Gm@dimlist=\toks15
)
(/usr/share/texmf-dist/tex/latex/base/fontenc.sty
Package: fontenc 2005/09/27 v1.99g Standard LaTeX package

(/usr/share/texmf-dist/tex/latex/base/t1enc.def
File: t1enc.def 2005/09/27 v1.99g Standard LaTeX file
LaTeX Font Info:    Redeclaring font encoding T1 on input line 43.
))
(/usr/share/texmf-dist/tex/latex/psnfss/mathptmx.sty
Package: mathptmx 2005/04/12 PSNFSS-v9.2a Times w/ Math, improved (SPQR, WaS) 
LaTeX Font Info:    Redeclaring symbol font `operators' on input line 28.
LaTeX Font Info:    Overwriting symbol font `operators' in version `normal'
(Font)                  OT1/cmr/m/n --> OT1/ztmcm/m/n on input line 28.
LaTeX Font Info:    Overwriting symbol font `operators' in version `bold'
(Font)                  OT1/cmr/bx/n --> OT1/ztmcm/m/n on input line 28.
LaTeX Font Info:    Redeclaring symbol font `letters' on input line 29.
LaTeX Font Info:    Overwriting symbol font `letters' in version `normal'
(Font)                  OML/cmm/m/it --> OML/ztmcm/m/it on input line 29.
LaTeX Font Info:    Overwriting symbol font `letters' in version `bold'
(Font)                  OML/cmm/b/it --> OML/ztmcm/m/it on input line 29.
LaTeX Font Info:    Redeclaring symbol font `symbols' on input line 30.
LaTeX Font Info:    Overwriting symbol font `symbols' in version `normal'
(Font)                  OMS/cmsy/m/n --> OMS/ztmcm/m/n on input line 30.
LaTeX Font Info:    Overwriting symbol font `symbols' in version `bold'
(Font)                  OMS/cmsy/b/n --> OMS/ztmcm/m/n on input line 30.
LaTeX Font Info:    Redeclaring symbol font `largesymbols' on input line 31.
LaTeX Font Info:    Overwriting symbol font `largesymbols' in version `normal'
(Font)                  OMX/cmex/m/n --> OMX/ztmcm/m/n on input line 31.
LaTeX Font Info:    Overwriting symbol font `largesymbols' in version `bold'
(Font)                  OMX/cmex/m/n --> OMX/ztmcm/m/n on input line 31.
\symbold=\mathgroup4
\symitalic=\mathgroup5
LaTeX Font Info:    Redeclaring math alphabet \mathbf on input line 34.
LaTeX Font Info:    Overwriting math alphabet `\mathbf' in version `normal'
(Font)                  OT1/cmr/bx/n --> OT1/ptm/bx/n on input line 34.
LaTeX Font Info:    Overwriting math alphabet `\mathbf' in version `bold'
(Font)                  OT1/cmr/bx/n --> OT1/ptm/bx/n on input line 34.
LaTeX Font Info:    Redeclaring math alphabet \mathit on input line 35.
LaTeX Font Info:    Overwriting math alphabet `\mathit' in version `normal'
(Font)                  OT1/cmr/m/it --> OT1/ptm/m/it on input line 35.
LaTeX Font Info:    Overwriting math alphabet `\mathit' in version `bold'
(Font)                  OT1/cmr/bx/it --> OT1/ptm/m/it on input line 35.
LaTeX Info: Redefining \hbar on input line 50.
)
(/usr/share/texmf-dist/tex/latex/psnfss/helvet.sty
Package: helvet 2005/04/12 PSNFSS-v9.2a (WaS) 
)
(/usr/share/texmf-dist/tex/latex/sectsty/sectsty.sty
Package: sectsty 2002/02/25 v2.0.2 Commands to change all sectional heading sty
les
)
(/usr/share/texmf-dist/tex/latex/graphics/graphicx.sty
Package: graphicx 1999/02/16 v1.0f Enhanced LaTeX Graphics (DPC,SPQR)

(/usr/share/texmf-dist/tex/latex/graphics/graphics.sty
Package: graphics 2009/02/05 v1.0o Standard LaTeX Graphics (DPC,SPQR)

(/usr/share/texmf-dist/tex/latex/graphics/trig.sty
Package: trig 1999/03/16 v1.09 sin cos tan (DPC)
)
(/usr/share/texmf-dist/tex/latex/latexconfig/graphics.cfg
File: graphics.cfg 2010/04/23 v1.9 graphics configuration of TeX Live
)
Package graphics Info: Driver file: dvips.def on input line 91.

(/usr/share/texmf-dist/tex/latex/graphics/dvips.def
File: dvips.def 1999/02/16 v3.0i Driver-dependant file (DPC,SPQR)
))
\Gin@req@height=\dimen111
\Gin@req@width=\dimen112
)
(/usr/share/texmf-dist/tex/latex/base/inputenc.sty
Package: inputenc 2008/03/30 v1.1d Input encoding file
\inpenc@prehook=\toks16
\inpenc@posthook=\toks17

(/usr/share/texmf-dist/tex/latex/base/utf8.def
File: utf8.def 2008/04/05 v1.1m UTF-8 support for inputenc
Now handling font encoding OML ...
... no UTF-8 mapping file for font encoding OML
Now handling font encoding T1 ...
... processing UTF-8 mapping file for font encoding T1

(/usr/share/texmf-dist/tex/latex/base/t1enc.dfu
File: t1enc.dfu 2008/04/05 v1.1m UTF-8 support for inputenc
   defining Unicode char U+00A1 (decimal 161)
   defining Unicode char U+00A3 (decimal 163)
   defining Unicode char U+00AB (decimal 171)
   defining Unicode char U+00BB (decimal 187)
   defining Unicode char U+00BF (decimal 191)
   defining Unicode char U+00C0 (decimal 192)
   defining Unicode char U+00C1 (decimal 193)
   defining Unicode char U+00C2 (decimal 194)
   defining Unicode char U+00C3 (decimal 195)
   defining Unicode char U+00C4 (decimal 196)
   defining Unicode char U+00C5 (decimal 197)
   defining Unicode char U+00C6 (decimal 198)
   defining Unicode char U+00C7 (decimal 199)
   defining Unicode char U+00C8 (decimal 200)
   defining Unicode char U+00C9 (decimal 201)
   defining Unicode char U+00CA (decimal 202)
   defining Unicode char U+00CB (decimal 203)
   defining Unicode char U+00CC (decimal 204)
   defining Unicode char U+00CD (decimal 205)
   defining Unicode char U+00CE (decimal 206)
   defining Unicode char U+00CF (decimal 207)
   defining Unicode char U+00D0 (decimal 208)
   defining Unicode char U+00D1 (decimal 209)
   defining Unicode char U+00D2 (decimal 210)
   defining Unicode char U+00D3 (decimal 211)
   defining Unicode char U+00D4 (decimal 212)
   defining Unicode char U+00D5 (decimal 213)
   defining Unicode char U+00D6 (decimal 214)
   defining Unicode char U+00D8 (decimal 216)
   defining Unicode char U+00D9 (decimal 217)
   defining Unicode char U+00DA (decimal 218)
   defining Unicode char U+00DB (decimal 219)
   defining Unicode char U+00DC (decimal 220)
   defining Unicode char U+00DD (decimal 221)
   defining Unicode char U+00DE (decimal 222)
   defining Unicode char U+00DF (decimal 223)
   defining Unicode char U+00E0 (decimal 224)
   defining Unicode char U+00E1 (decimal 225)
   defining Unicode char U+00E2 (decimal 226)
   defining Unicode char U+00E3 (decimal 227)
   defining Unicode char U+00E4 (decimal 228)
   defining Unicode char U+00E5 (decimal 229)
   defining Unicode char U+00E6 (decimal 230)
   defining Unicode char U+00E7 (decimal 231)
   defining Unicode char U+00E8 (decimal 232)
   defining Unicode char U+00E9 (decimal 233)
   defining Unicode char U+00EA (decimal 234)
   defining Unicode char U+00EB (decimal 235)
   defining Unicode char U+00EC (decimal 236)
   defining Unicode char U+00ED (decimal 237)
   defining Unicode char U+00EE (decimal 238)
   defining Unicode char U+00EF (decimal 239)
   defining Unicode char U+00F0 (decimal 240)
   defining Unicode char U+00F1 (decimal 241)
   defining Unicode char U+00F2 (decimal 242)
   defining Unicode char U+00F3 (decimal 243)
   defining Unicode char U+00F4 (decimal 244)
   defining Unicode char U+00F5 (decimal 245)
   defining Unicode char U+00F6 (decimal 246)
   defining Unicode char U+00F8 (decimal 248)
   defining Unicode char U+00F9 (decimal 249)
   defining Unicode char U+00FA (decimal 250)
   defining Unicode char U+00FB (decimal 251)
   defining Unicode char U+00FC (decimal 252)
   defining Unicode char U+00FD (decimal 253)
   defining Unicode char U+00FE (decimal 254)
   defining Unicode char U+00FF (decimal 255)
   defining Unicode char U+0102 (decimal 258)
   defining Unicode char U+0103 (decimal 259)
   defining Unicode char U+0104 (decimal 260)
   defining Unicode char U+0105 (decimal 261)
   defining Unicode char U+0106 (decimal 262)
   defining Unicode char U+0107 (decimal 263)
   defining Unicode char U+010C (decimal 268)
   defining Unicode char U+010D (decimal 269)
   defining Unicode char U+010E (decimal 270)
   defining Unicode char U+010F (decimal 271)
   defining Unicode char U+0110 (decimal 272)
   defining Unicode char U+0111 (decimal 273)
   defining Unicode char U+0118 (decimal 280)
   defining Unicode char U+0119 (decimal 281)
   defining Unicode char U+011A (decimal 282)
   defining Unicode char U+011B (decimal 283)
   defining Unicode char U+011E (decimal 286)
   defining Unicode char U+011F (decimal 287)
   defining Unicode char U+0130 (decimal 304)
   defining Unicode char U+0131 (decimal 305)
   defining Unicode char U+0132 (decimal 306)
   defining Unicode char U+0133 (decimal 307)
   defining Unicode char U+0139 (decimal 313)
   defining Unicode char U+013A (decimal 314)
   defining Unicode char U+013D (decimal 317)
   defining Unicode char U+013E (decimal 318)
   defining Unicode char U+0141 (decimal 321)
   defining Unicode char U+0142 (decimal 322)
   defining Unicode char U+0143 (decimal 323)
   defining Unicode char U+0144 (decimal 324)
   defining Unicode char U+0147 (decimal 327)
   defining Unicode char U+0148 (decimal 328)
   defining Unicode char U+014A (decimal 330)
   defining Unicode char U+014B (decimal 331)
   defining Unicode char U+0150 (decimal 336)
   defining Unicode char U+0151 (decimal 337)
   defining Unicode char U+0152 (decimal 338)
   defining Unicode char U+0153 (decimal 339)
   defining Unicode char U+0154 (decimal 340)
   defining Unicode char U+0155 (decimal 341)
   defining Unicode char U+0158 (decimal 344)
   defining Unicode char U+0159 (decimal 345)
   defining Unicode char U+015A (decimal 346)
   defining Unicode char U+015B (decimal 347)
   defining Unicode char U+015E (decimal 350)
   defining Unicode char U+015F (decimal 351)
   defining Unicode char U+0160 (decimal 352)
   defining Unicode char U+0161 (decimal 353)
   defining Unicode char U+0162 (decimal 354)
   defining Unicode char U+0163 (decimal 355)
   defining Unicode char U+0164 (decimal 356)
   defining Unicode char U+0165 (decimal 357)
   defining Unicode char U+016E (decimal 366)
   defining Unicode char U+016F (decimal 367)
   defining Unicode char U+0170 (decimal 368)
   defining Unicode char U+0171 (decimal 369)
   defining Unicode char U+0178 (decimal 376)
   defining Unicode char U+0179 (decimal 377)
   defining Unicode char U+017A (decimal 378)
   defining Unicode char U+017B (decimal 379)
   defining Unicode char U+017C (decimal 380)
   defining Unicode char U+017D (decimal 381)
   defining Unicode char U+017E (decimal 382)
   defining Unicode char U+200C (decimal 8204)
   defining Unicode char U+2013 (decimal 8211)
   defining Unicode char U+2014 (decimal 8212)
   defining Unicode char U+2018 (decimal 8216)
   defining Unicode char U+2019 (decimal 8217)
   defining Unicode char U+201A (decimal 8218)
   defining Unicode char U+201C (decimal 8220)
   defining Unicode char U+201D (decimal 8221)
   defining Unicode char U+201E (decimal 8222)
   defining Unicode char U+2030 (decimal 8240)
   defining Unicode char U+2031 (decimal 8241)
   defining Unicode char U+2039 (decimal 8249)
   defining Unicode char U+203A (decimal 8250)
   defining Unicode char U+2423 (decimal 9251)
)
Now handling font encoding OT1 ...
... processing UTF-8 mapping file for font encoding OT1

(/usr/share/texmf-dist/tex/latex/base/ot1enc.dfu
File: ot1enc.dfu 2008/04/05 v1.1m UTF-8 support for inputenc
   defining Unicode char U+00A1 (decimal 161)
   defining Unicode char U+00A3 (decimal 163)
   defining Unicode char U+00B8 (decimal 184)
   defining Unicode char U+00BF (decimal 191)
   defining Unicode char U+00C5 (decimal 197)
   defining Unicode char U+00C6 (decimal 198)
   defining Unicode char U+00D8 (decimal 216)
   defining Unicode char U+00DF (decimal 223)
   defining Unicode char U+00E6 (decimal 230)
   defining Unicode char U+00EC (decimal 236)
   defining Unicode char U+00ED (decimal 237)
   defining Unicode char U+00EE (decimal 238)
   defining Unicode char U+00EF (decimal 239)
   defining Unicode char U+00F8 (decimal 248)
   defining Unicode char U+0131 (decimal 305)
   defining Unicode char U+0141 (decimal 321)
   defining Unicode char U+0142 (decimal 322)
   defining Unicode char U+0152 (decimal 338)
   defining Unicode char U+0153 (decimal 339)
   defining Unicode char U+2013 (decimal 8211)
   defining Unicode char U+2014 (decimal 8212)
   defining Unicode char U+2018 (decimal 8216)
   defining Unicode char U+2019 (decimal 8217)
   defining Unicode char U+201C (decimal 8220)
   defining Unicode char U+201D (decimal 8221)
)
Now handling font encoding OMS ...
... processing UTF-8 mapping file for font encoding OMS

(/usr/share/texmf-dist/tex/latex/base/omsenc.dfu
File: omsenc.dfu 2008/04/05 v1.1m UTF-8 support for inputenc
   defining Unicode char U+00A7 (decimal 167)
   defining Unicode char U+00B6 (decimal 182)
   defining Unicode char U+00B7 (decimal 183)
   defining Unicode char U+2020 (decimal 8224)
   defining Unicode char U+2021 (decimal 8225)
   defining Unicode char U+2022 (decimal 8226)
)
Now handling font encoding OMX ...
... no UTF-8 mapping file for font encoding OMX
Now handling font encoding U ...
... no UTF-8 mapping file for font encoding U
   defining Unicode char U+00A9 (decimal 169)
   defining Unicode char U+00AA (decimal 170)
   defining Unicode char U+00AE (decimal 174)
   defining Unicode char U+00BA (decimal 186)
   defining Unicode char U+02C6 (decimal 710)
   defining Unicode char U+02DC (decimal 732)
   defining Unicode char U+200C (decimal 8204)
   defining Unicode char U+2026 (decimal 8230)
   defining Unicode char U+2122 (decimal 8482)
   defining Unicode char U+2423 (decimal 9251)
))
(/usr/share/texmf-dist/tex/latex/amsmath/amsmath.sty
Package: amsmath 2000/07/18 v2.13 AMS math features
\@mathmargin=\skip43

For additional information on amsmath, use the `?' option.
(/usr/share/texmf-dist/tex/latex/amsmath/amstext.sty
Package: amstext 2000/06/29 v2.01

(/usr/share/texmf-dist/tex/latex/amsmath/amsgen.sty
File: amsgen.sty 1999/11/30 v2.0
\@emptytoks=\toks18
\ex@=\dimen113
))
(/usr/share/texmf-dist/tex/latex/amsmath/amsbsy.sty
Package: amsbsy 1999/11/29 v1.2d
\pmbraise@=\dimen114
)
(/usr/share/texmf-dist/tex/latex/amsmath/amsopn.sty
Package: amsopn 1999/12/14 v2.01 operator names
)
\inf@bad=\count91
LaTeX Info: Redefining \frac on input line 211.
\uproot@=\count92
\leftroot@=\count93
LaTeX Info: Redefining \overline on input line 307.
\classnum@=\count94
\DOTSCASE@=\count95
LaTeX Info: Redefining \ldots on input line 379.
LaTeX Info: Redefining \dots on input line 382.
LaTeX Info: Redefining \cdots on input line 467.
\Mathstrutbox@=\box26
\strutbox@=\box27
\big@size=\dimen115
LaTeX Font Info:    Redeclaring font encoding OML on input line 567.
LaTeX Font Info:    Redeclaring font encoding OMS on input line 568.
\macc@depth=\count96
\c@MaxMatrixCols=\count97
\dotsspace@=\muskip10
\c@parentequation=\count98
\dspbrk@lvl=\count99
\tag@help=\toks19
\row@=\count100
\column@=\count101
\maxfields@=\count102
\andhelp@=\toks20
\eqnshift@=\dimen116
\alignsep@=\dimen117
\tagshift@=\dimen118
\tagwidth@=\dimen119
\totwidth@=\dimen120
\lineht@=\dimen121
\@envbody=\toks21
\multlinegap=\skip44
\multlinetaggap=\skip45
\mathdisplay@stack=\toks22
LaTeX Info: Redefining \[ on input line 2666.
LaTeX Info: Redefining \] on input line 2667.
)
(/usr/share/texmf-dist/tex/latex/amsfonts/amsfonts.sty
Package: amsfonts 2009/06/22 v3.00 Basic AMSFonts support
\symAMSa=\mathgroup6
\symAMSb=\mathgroup7
LaTeX Font Info:    Overwriting math alphabet `\mathfrak' in version `bold'
(Font)                  U/euf/m/n --> U/euf/b/n on input line 96.
)
(/usr/share/texmf-dist/tex/latex/amsfonts/euscript.sty
Package: euscript 2009/06/22 v3.00 Euler Script fonts
LaTeX Font Info:    Overwriting math alphabet `\EuScript' in version `bold'
(Font)                  U/eus/m/n --> U/eus/b/n on input line 33.
)
(/usr/share/texmf-dist/tex/latex/booktabs/booktabs.sty
Package: booktabs 2005/04/14 v1.61803 publication quality tables
\heavyrulewidth=\dimen122
\lightrulewidth=\dimen123
\cmidrulewidth=\dimen124
\belowrulesep=\dimen125
\belowbottomsep=\dimen126
\aboverulesep=\dimen127
\abovetopsep=\dimen128
\cmidrulesep=\dimen129
\cmidrulekern=\dimen130
\defaultaddspace=\dimen131
\@cmidla=\count103
\@cmidlb=\count104
\@aboverulesep=\dimen132
\@belowrulesep=\dimen133
\@thisruleclass=\count105
\@lastruleclass=\count106
\@thisrulewidth=\dimen134
)
(/usr/share/texmf-dist/tex/latex/setspace/setspace.sty
Package: setspace 2011/12/19 v6.7a set line spacing
)
(/usr/share/texmf-dist/tex/latex/forloop/forloop.sty
Package: forloop 2006/09/18 v3.0 For Loops for LaTeX

(/usr/share/texmf-dist/tex/latex/base/ifthen.sty
Package: ifthen 2001/05/26 v1.1c Standard LaTeX ifthen package (DPC)
))
(/usr/share/texmf-dist/tex/latex/natbib/natbib.sty
Package: natbib 2010/09/13 8.31b (PWD, AO)
\bibhang=\skip46
\bibsep=\skip47
LaTeX Info: Redefining \cite on input line 694.
\c@NAT@ctr=\count107
)
(/usr/share/texmf-dist/tex/latex/hypernat/hypernat.sty
Package: hypernat 2001/07/09 v1.0b hyperref and natbib compatibility (jb)
)
(/usr/share/texmf-dist/tex/latex/float/float.sty
Package: float 2001/11/08 v1.3d Float enhancements (AL)
\c@float@type=\count108
\float@exts=\toks23
\float@box=\box28
\@float@everytoks=\toks24
\@floatcapt=\box29
)
(/usr/share/texmf-dist/tex/latex/graphics/color.sty
Package: color 2005/11/14 v1.0j Standard LaTeX Color (DPC)

(/usr/share/texmf-dist/tex/latex/latexconfig/color.cfg
File: color.cfg 2007/01/18 v1.5 color configuration of teTeX/TeXLive
)
Package color Info: Driver file: dvips.def on input line 130.

(/usr/share/texmf-dist/tex/latex/graphics/dvipsnam.def
File: dvipsnam.def 1999/02/16 v3.0i Driver-dependant file (DPC,SPQR)
))
(/usr/share/texmf-dist/tex/latex/listings/listings.sty
\lst@mode=\count109
\lst@gtempboxa=\box30
\lst@token=\toks25
\lst@length=\count110
\lst@currlwidth=\dimen135
\lst@column=\count111
\lst@pos=\count112
\lst@lostspace=\dimen136
\lst@width=\dimen137
\lst@newlines=\count113
\lst@lineno=\count114
\lst@maxwidth=\dimen138

(/usr/share/texmf-dist/tex/latex/listings/lstmisc.sty
File: lstmisc.sty 2007/02/22 1.4 (Carsten Heinz)
\c@lstnumber=\count115
\lst@skipnumbers=\count116
\lst@framebox=\box31
)
(/usr/share/texmf-dist/tex/latex/listings/listings.cfg
File: listings.cfg 2007/02/22 1.4 listings configuration
))
Package: listings 2007/02/22 1.4 (Carsten Heinz)

(/usr/share/texmf-dist/tex/latex/units/units.sty
Package: units 1998/08/04 v0.9b Typesetting units

(/usr/share/texmf-dist/tex/latex/units/nicefrac.sty
Package: nicefrac 1998/08/04 v0.9b Nice fractions
\L@UnitsRaiseDisplaystyle=\skip48
\L@UnitsRaiseTextstyle=\skip49
\L@UnitsRaiseScriptstyle=\skip50
))
(/usr/share/texmf-dist/tex/latex/subfig/subfig.sty
Package: subfig 2005/06/28 ver: 1.3 subfig package

(/usr/share/texmf-dist/tex/latex/caption/caption.sty
Package: caption 2012/02/19 v3.2f Customizing captions (AR)

(/usr/share/texmf-dist/tex/latex/caption/caption3.sty
Package: caption3 2012/01/12 v1.4b caption3 kernel (AR)
\captionmargin=\dimen139
\captionmargin@=\dimen140
\captionwidth=\dimen141
\caption@indent=\dimen142
\caption@parindent=\dimen143
\caption@hangindent=\dimen144
)
\c@ContinuedFloat=\count117
Package caption Info: float package is loaded.
Package caption Info: listings package is loaded.
)
\c@KVtest=\count118
\sf@farskip=\skip51
\sf@captopadj=\dimen145
\sf@capskip=\skip52
\sf@nearskip=\skip53
\c@subfigure=\count119
\c@subfigure@save=\count120
\c@lofdepth=\count121
\c@subtable=\count122
\c@subtable@save=\count123
\c@lotdepth=\count124
\sf@top=\skip54
\sf@bottom=\skip55
)
(/usr/share/texmf-dist/tex/latex/url/url.sty
\Urlmuskip=\muskip11
Package: url 2006/04/12  ver 3.3  Verb mode for urls, etc.
)
(/usr/share/texmf-dist/tex/latex/hyperref/hyperref.sty
Package: hyperref 2012/05/13 v6.82q Hypertext links for LaTeX

(/usr/share/texmf-dist/tex/generic/oberdiek/hobsub-hyperref.sty
Package: hobsub-hyperref 2012/05/28 v1.13 Bundle oberdiek, subset hyperref (HO)


(/usr/share/texmf-dist/tex/generic/oberdiek/hobsub-generic.sty
Package: hobsub-generic 2012/05/28 v1.13 Bundle oberdiek, subset generic (HO)
Package: hobsub 2012/05/28 v1.13 Construct package bundles (HO)
Package: infwarerr 2010/04/08 v1.3 Providing info/warning/error messages (HO)
Package: ltxcmds 2011/11/09 v1.22 LaTeX kernel commands for general use (HO)
Package: ifluatex 2010/03/01 v1.3 Provides the ifluatex switch (HO)
Package ifluatex Info: LuaTeX not detected.
Package hobsub Info: Skipping package `ifvtex' (already loaded).
Package: intcalc 2007/09/27 v1.1 Expandable calculations with integers (HO)
Package hobsub Info: Skipping package `ifpdf' (already loaded).
Package: etexcmds 2011/02/16 v1.5 Avoid name clashes with e-TeX commands (HO)
Package etexcmds Info: Could not find \expanded.
(etexcmds)             That can mean that you are not using pdfTeX 1.50 or
(etexcmds)             that some package has redefined \expanded.
(etexcmds)             In the latter case, load this package earlier.
Package: kvsetkeys 2012/04/25 v1.16 Key value parser (HO)
Package: kvdefinekeys 2011/04/07 v1.3 Define keys (HO)
Package: pdftexcmds 2011/11/29 v0.20 Utility functions of pdfTeX for LuaTeX (HO
)
Package pdftexcmds Info: LuaTeX not detected.
Package pdftexcmds Info: \pdf@primitive is available.
Package pdftexcmds Info: \pdf@ifprimitive is available.
Package pdftexcmds Info: \pdfdraftmode is ignored in DVI mode.
Package: pdfescape 2011/11/25 v1.13 Implements pdfTeX's escape features (HO)
Package: bigintcalc 2012/04/08 v1.3 Expandable calculations on big integers (HO
)
Package: bitset 2011/01/30 v1.1 Handle bit-vector datatype (HO)
Package: uniquecounter 2011/01/30 v1.2 Provide unlimited unique counter (HO)
)
Package hobsub Info: Skipping package `hobsub' (already loaded).
Package: letltxmacro 2010/09/02 v1.4 Let assignment for LaTeX macros (HO)
Package: hopatch 2012/05/28 v1.2 Wrapper for package hooks (HO)
Package: xcolor-patch 2011/01/30 xcolor patch
Package: atveryend 2011/06/30 v1.8 Hooks at the very end of document (HO)
Package atveryend Info: \enddocument detected (standard20110627).
Package: atbegshi 2011/10/05 v1.16 At begin shipout hook (HO)
Package: refcount 2011/10/16 v3.4 Data extraction from label references (HO)
Package: hycolor 2011/01/30 v1.7 Color options for hyperref/bookmark (HO)
)
(/usr/share/texmf-dist/tex/latex/oberdiek/kvoptions.sty
Package: kvoptions 2011/06/30 v3.11 Key value format for package options (HO)
)
\@linkdim=\dimen146
\Hy@linkcounter=\count125
\Hy@pagecounter=\count126

(/usr/share/texmf-dist/tex/latex/hyperref/pd1enc.def
File: pd1enc.def 2012/05/13 v6.82q Hyperref: PDFDocEncoding definition (HO)
Now handling font encoding PD1 ...
... no UTF-8 mapping file for font encoding PD1
)
\Hy@SavedSpaceFactor=\count127

(/usr/share/texmf-dist/tex/latex/latexconfig/hyperref.cfg
File: hyperref.cfg 2002/06/06 v1.2 hyperref configuration of TeXLive
)
Package hyperref Info: Option `colorlinks' set `true' on input line 3941.
Package hyperref Info: Hyper figures OFF on input line 4062.
Package hyperref Info: Link nesting OFF on input line 4067.
Package hyperref Info: Hyper index ON on input line 4070.
Package hyperref Info: Plain pages OFF on input line 4077.
Package hyperref Info: Backreferencing ON on input line 4080.
Package hyperref Info: Implicit mode ON; LaTeX internals redefined.
Package hyperref Info: Bookmarks ON on input line 4300.

(/usr/share/texmf-dist/tex/latex/hyperref/backref.sty
Package: backref 2010/08/30 v1.36 Bibliographical back referencing

(/usr/share/texmf-dist/tex/latex/oberdiek/rerunfilecheck.sty
Package: rerunfilecheck 2011/04/15 v1.7 Rerun checks for auxiliary files (HO)
Package uniquecounter Info: New unique counter `rerunfilecheck' on input line 2
82.
))
\c@Hy@tempcnt=\count128
LaTeX Info: Redefining \url on input line 4653.
\Fld@menulength=\count129
\Field@Width=\dimen147
\Fld@charsize=\dimen148
Package hyperref Info: Hyper figures OFF on input line 5773.
Package hyperref Info: Link nesting OFF on input line 5778.
Package hyperref Info: Hyper index ON on input line 5781.
Package hyperref Info: backreferencing ON on input line 5786.
Package hyperref Info: Link coloring ON on input line 5791.
Package hyperref Info: Link coloring with OCG OFF on input line 5798.
Package hyperref Info: PDF/A mode OFF on input line 5803.
LaTeX Info: Redefining \ref on input line 5843.
LaTeX Info: Redefining \pageref on input line 5847.
\Hy@abspage=\count130
\c@Item=\count131
\c@Hfootnote=\count132
)

Package hyperref Message: Driver: hdvipdfm.

(/usr/share/texmf-dist/tex/latex/hyperref/hdvipdfm.def
File: hdvipdfm.def 2012/05/13 v6.82q Hyperref driver for dvipdfm
\pdfm@box=\box32
\c@Hy@AnnotLevel=\count133
\HyField@AnnotCount=\count134
\Fld@listcount=\count135
\c@bookmark@seq@number=\count136
\Hy@SectionHShift=\skip56
)
(/usr/share/texmf-dist/tex/latex/morefloats/morefloats.sty
Package: morefloats 2012/01/28 v1.0f Raise limit of unprocessed floats (HMM; DH
)
Package morefloats Info: Maximum number of possible floats asked for: 36.
(morefloats)             LaTeX might run out of memory before this
(morefloats)             (in which case it will notify you).
(morefloats)              on input line 171.
\bx@S=\insert233
\bx@T=\insert232
\bx@U=\insert231
\bx@V=\insert230
\bx@W=\insert229
\bx@X=\insert228
\bx@Y=\insert227
\bx@Z=\insert226
\bx@AA=\insert225
\bx@AB=\insert224
\bx@AC=\insert223
\bx@AD=\insert222
\bx@AE=\insert221
\bx@AF=\insert220
\bx@AG=\insert219
\bx@AH=\insert218
\bx@AI=\insert217
\bx@AJ=\insert216
)
(/usr/share/texmf-dist/tex/latex/fancyhdr/fancyhdr.sty
\fancy@headwidth=\skip57
\f@ncyO@elh=\skip58
\f@ncyO@erh=\skip59
\f@ncyO@olh=\skip60
\f@ncyO@orh=\skip61
\f@ncyO@elf=\skip62
\f@ncyO@erf=\skip63
\f@ncyO@olf=\skip64
\f@ncyO@orf=\skip65
)
\@input{macros.aux}
\openout2 = `macros.aux'.

(./macros.tex
\c@definition=\count137
\c@ct=\count138
) (./thesis.aux (./scientific_environment.aux)
(./acknowledgements.aux) (./abstract.aux) (./listofpublications.aux)
(./introduction.aux

LaTeX Warning: Label `eq:main' multiply defined.


LaTeX Warning: Label `eq:Fn' multiply defined.

) (./introduction_papers.aux) (./papers.aux) (./appendixA.aux))
\openout1 = `thesis.aux'.

LaTeX Font Info:    Checking defaults for OML/cmm/m/it on input line 165.
LaTeX Font Info:    ... okay on input line 165.
LaTeX Font Info:    Checking defaults for T1/cmr/m/n on input line 165.
LaTeX Font Info:    ... okay on input line 165.
LaTeX Font Info:    Checking defaults for OT1/cmr/m/n on input line 165.
LaTeX Font Info:    ... okay on input line 165.
LaTeX Font Info:    Checking defaults for OMS/cmsy/m/n on input line 165.
LaTeX Font Info:    ... okay on input line 165.
LaTeX Font Info:    Checking defaults for OMX/cmex/m/n on input line 165.
LaTeX Font Info:    ... okay on input line 165.
LaTeX Font Info:    Checking defaults for U/cmr/m/n on input line 165.
LaTeX Font Info:    ... okay on input line 165.
LaTeX Font Info:    Checking defaults for PD1/pdf/m/n on input line 165.
LaTeX Font Info:    ... okay on input line 165.
LaTeX Font Info:    Try loading font information for T1+ptm on input line 165.

(/usr/share/texmf-dist/tex/latex/psnfss/t1ptm.fd
File: t1ptm.fd 2001/06/04 font definitions for T1/ptm.
)
*geometry* detected driver: dvipdfm
*geometry* verbose mode - [ preamble ] result:
* driver: dvipdfm
* paper: a4paper
* layout: <same size as paper>
* layoutoffset:(h,v)=(0.0pt,0.0pt)
* bindingoffset: 5.69054pt
* modes: twoside 
* h-part:(L,W,R)=(71.13188pt, 449.55357pt, 71.13188pt)
* v-part:(T,H,B)=(71.13188pt, 702.78308pt, 71.13188pt)
* \paperwidth=597.50787pt
* \paperheight=845.04684pt
* \textwidth=449.55357pt
* \textheight=702.78308pt
* \oddsidemargin=4.55243pt
* \evensidemargin=-1.1381pt
* \topmargin=-33.0119pt
* \headheight=15.0pt
* \headsep=19.8738pt
* \topskip=12.0pt
* \footskip=30.0pt
* \marginparwidth=98.0pt
* \marginparsep=7.0pt
* \columnsep=10.0pt
* \skip\footins=10.8pt plus 4.0pt minus 2.0pt
* \hoffset=0.0pt
* \voffset=0.0pt
* \mag=1000
* \@twocolumnfalse
* \@twosidetrue
* \@mparswitchtrue
* \@reversemarginfalse
* (1in=72.27pt=25.4mm, 1cm=28.453pt)

\c@lstlisting=\count139
Package caption Info: Begin \AtBeginDocument code.
Package caption Info: subfig package v1.3 is loaded.
Package caption Info: hyperref package is loaded.
Package caption Info: End \AtBeginDocument code.
\AtBeginShipoutBox=\box33
Package backref Info: ** backref set up for natbib ** on input line 165.
Package hyperref Info: Link coloring ON on input line 165.
(/usr/share/texmf-dist/tex/latex/hyperref/nameref.sty
Package: nameref 2010/04/30 v2.40 Cross-referencing by name of section

(/usr/share/texmf-dist/tex/generic/oberdiek/gettitlestring.sty
Package: gettitlestring 2010/12/03 v1.4 Cleanup title references (HO)
)
\c@section@level=\count140
)
LaTeX Info: Redefining \ref on input line 165.
LaTeX Info: Redefining \pageref on input line 165.
LaTeX Info: Redefining \nameref on input line 165.
 (./thesis.out) (./thesis.out)
\@outlinefile=\write3
\openout3 = `thesis.out'.

LaTeX Font Info:    Try loading font information for OT1+phv on input line 186.

 (/usr/share/texmf-dist/tex/latex/psnfss/ot1phv.fd
File: ot1phv.fd 2001/06/04 scalable font definitions for OT1/phv.
)
LaTeX Font Info:    Font shape `OT1/phv/bc/n' will be
(Font)              scaled to size 26.59991pt on input line 186.
LaTeX Font Info:    Calculating math sizes for size <28> on input line 186.
LaTeX Font Info:    Try loading font information for OT1+ztmcm on input line 18
6.

(/usr/share/texmf-dist/tex/latex/psnfss/ot1ztmcm.fd
File: ot1ztmcm.fd 2000/01/03 Fontinst v1.801 font definitions for OT1/ztmcm.
)
LaTeX Font Info:    Try loading font information for OML+ztmcm on input line 18
6.

(/usr/share/texmf-dist/tex/latex/psnfss/omlztmcm.fd
File: omlztmcm.fd 2000/01/03 Fontinst v1.801 font definitions for OML/ztmcm.
)
LaTeX Font Info:    Try loading font information for OMS+ztmcm on input line 18
6.

(/usr/share/texmf-dist/tex/latex/psnfss/omsztmcm.fd
File: omsztmcm.fd 2000/01/03 Fontinst v1.801 font definitions for OMS/ztmcm.
)
LaTeX Font Info:    Try loading font information for OMX+ztmcm on input line 18
6.

(/usr/share/texmf-dist/tex/latex/psnfss/omxztmcm.fd
File: omxztmcm.fd 2000/01/03 Fontinst v1.801 font definitions for OMX/ztmcm.
)
LaTeX Font Info:    Try loading font information for OT1+ptm on input line 186.


(/usr/share/texmf-dist/tex/latex/psnfss/ot1ptm.fd
File: ot1ptm.fd 2001/06/04 font definitions for OT1/ptm.
)
LaTeX Font Info:    Font shape `OT1/ptm/bx/n' in size <28> not available
(Font)              Font shape `OT1/ptm/b/n' tried instead on input line 186.
LaTeX Font Info:    Font shape `OT1/ptm/bx/n' in size <20.72015> not available
(Font)              Font shape `OT1/ptm/b/n' tried instead on input line 186.
LaTeX Font Info:    Font shape `OT1/ptm/bx/n' in size <16.80017> not available
(Font)              Font shape `OT1/ptm/b/n' tried instead on input line 186.
LaTeX Font Info:    Font shape `OT1/ptm/bx/n' in size <14.4> not available
(Font)              Font shape `OT1/ptm/b/n' tried instead on input line 186.
LaTeX Font Info:    Font shape `OT1/ptm/bx/n' in size <10.95> not available
(Font)              Font shape `OT1/ptm/b/n' tried instead on input line 186.
LaTeX Font Info:    Font shape `OT1/ptm/bx/n' in size <8> not available
(Font)              Font shape `OT1/ptm/b/n' tried instead on input line 186.
LaTeX Font Info:    Font shape `T1/ptm/bx/n' in size <14.4> not available
(Font)              Font shape `T1/ptm/b/n' tried instead on input line 186.
File: figurer/uglo.eps Graphic file (type eps)
 <figurer/uglo.eps> [1






]
LaTeX Font Info:    Font shape `T1/ptm/bx/n' in size <12> not available
(Font)              Font shape `T1/ptm/b/n' tried instead on input line 186.

[2

]
\openout2 = `scientific_environment.aux'.

 (./scientific_environment.tex
LaTeX Font Info:    Font shape `T1/ptm/bx/n' in size <24.88> not available
(Font)              Font shape `T1/ptm/b/n' tried instead on input line 1.
LaTeX Font Info:    Font shape `OT1/phv/bc/n' will be
(Font)              scaled to size 23.63593pt on input line 1.
) [1


]
\openout2 = `acknowledgements.aux'.

 (./acknowledgements.tex [2



]
LaTeX Font Info:    Calculating math sizes for size <13> on input line 11.
LaTeX Font Info:    Font shape `OT1/ptm/bx/n' in size <13> not available
(Font)              Font shape `OT1/ptm/b/n' tried instead on input line 11.
LaTeX Font Info:    Font shape `OT1/ptm/bx/n' in size <9.62007> not available
(Font)              Font shape `OT1/ptm/b/n' tried instead on input line 11.
LaTeX Font Info:    Font shape `OT1/ptm/bx/n' in size <7.80008> not available
(Font)              Font shape `OT1/ptm/b/n' tried instead on input line 11.
) [3]
\openout2 = `abstract.aux'.


(./abstract.tex [4



]) [5]
\openout2 = `listofpublications.aux'.

 (./listofpublications.tex [6



]) [7] [8


] (./thesis.toc
LaTeX Font Info:    Font shape `T1/ptm/bx/n' in size <13> not available
(Font)              Font shape `T1/ptm/b/n' tried instead on input line 1.

[9])
\tf@toc=\write4
\openout4 = `thesis.toc'.

 [10] (./thesis.lof [11

])
\tf@lof=\write5
\openout5 = `thesis.lof'.

 [12]
\openout2 = `introduction.aux'.

 (./introduction.tex
Chapter 1.

Underfull \vbox (badness 10000) has occurred while \output is active []

 [1



]
LaTeX Font Info:    Font shape `T1/ptm/bx/n' in size <17.28> not available
(Font)              Font shape `T1/ptm/b/n' tried instead on input line 6.
LaTeX Font Info:    Font shape `OT1/phv/bc/n' will be
(Font)              scaled to size 16.41594pt on input line 6.
LaTeX Font Info:    Font shape `OT1/ptm/bx/n' in size <6> not available
(Font)              Font shape `OT1/ptm/b/n' tried instead on input line 18.

[2]
LaTeX Font Info:    Font shape `T1/ptm/bx/n' in size <10.95> not available
(Font)              Font shape `T1/ptm/b/n' tried instead on input line 82.


LaTeX Warning: Reference `sec:GeologicalDescription' on page 3 undefined on inp
ut line 82.

File: ./figurer/G-H_gasses.eps Graphic file (type eps)
<./figurer/G-H_gasses.eps> [3]
File: ./figurer/platform.eps Graphic file (type eps)
 <./figurer/platform.eps>
LaTeX Font Info:    Font shape `OT1/ptm/bx/n' in size <12> not available
(Font)              Font shape `OT1/ptm/b/n' tried instead on input line 167.
LaTeX Font Info:    Font shape `OT1/ptm/bx/n' in size <9> not available
(Font)              Font shape `OT1/ptm/b/n' tried instead on input line 167.
LaTeX Font Info:    Font shape `OT1/ptm/bx/n' in size <7> not available
(Font)              Font shape `OT1/ptm/b/n' tried instead on input line 167.
File: ./figurer/prc3.eps Graphic file (type eps)
 <./figurer/prc3.eps>
[4] [5] [6]
LaTeX Font Info:    Font shape `OT1/phv/bc/n' will be
(Font)              scaled to size 13.67995pt on input line 360.
 [7]
File: ./figurer/delta_fluvial.eps Graphic file (type eps)
 <./figurer/delta_fluvial.eps>
File: ./figurer/delta_beach.eps Graphic file (type eps)
 <./figurer/delta_beach.eps>
Overfull \hbox (1.52094pt too wide) in paragraph at lines 382--386
[][][] 
 []

File: ./figurer/lateral_vertical.eps Graphic file (type eps)
<./figurer/lateral_vertical.eps> [8]

Package natbib Warning: Citation `lindeberg1997escape' on page 9 undefined on i
nput line 413.


Underfull \vbox (badness 10000) has occurred while \output is active []

 [9]

LaTeX Warning: Reference `tfig:stratMat' on page 10 undefined on input line 439
.

File: ./figurer/stratMatrix.eps Graphic file (type eps)
<./figurer/stratMatrix.eps>
File: ./figurer/fineSat_Perspective_actual.eps Graphic file (type eps)
 <./figurer/fineSat_Perspective_actual.eps>
File: ./figurer/fineSat_Perspective_uniform.eps Graphic file (type eps)

<./figurer/fineSat_Perspective_uniform.eps>
File: ./figurer/facies_1.eps Graphic file (type eps)
 <./figurer/facies_1.eps>
File: ./figurer/facies_2.eps Graphic file (type eps)

<./figurer/facies_2.eps>
File: ./figurer/facies_3.eps Graphic file (type eps)
 <./figurer/facies_3.eps>
File: ./figurer/facies_4.eps Graphic file (type eps)
 <./figurer/facies_4.eps>
File: ./figurer/facies_5.eps Graphic file (type eps)

<./figurer/facies_5.eps>
File: ./figurer/facies_6.eps Graphic file (type eps)
 <./figurer/facies_6.eps>
File: ./figurer/kxh_1.eps Graphic file (type eps)
 <./figurer/kxh_1.eps>
File: ./figurer/kxh_2.eps Graphic file (type eps)

<./figurer/kxh_2.eps>
File: ./figurer/kxh_3.eps Graphic file (type eps)
 <./figurer/kxh_3.eps>
File: ./figurer/kxh_4.eps Graphic file (type eps)
 <./figurer/kxh_4.eps>
File: ./figurer/kxh_5.eps Graphic file (type eps)

<./figurer/kxh_5.eps>
File: ./figurer/kxh_6.eps Graphic file (type eps)
 <./figurer/kxh_6.eps>
File: ./figurer/kxh_All.eps Graphic file (type eps)
 <./figurer/kxh_All.eps>
File: ./figurer/permxc.eps Graphic file (type eps)

<./figurer/permxc.eps>
File: ./figurer/fineSat1.eps Graphic file (type eps)
 <./figurer/fineSat1.eps>
File: ./figurer/fineSat2.eps Graphic file (type eps)
 <./figurer/fineSat2.eps>
File: ./figurer/fineSat3.eps Graphic file (type eps)

<./figurer/fineSat3.eps>
File: ./figurer/fineSat4.eps Graphic file (type eps)
 <./figurer/fineSat4.eps>
Overfull \hbox (23.99998pt too wide) in paragraph at lines 498--508
[][][] 
 []


Overfull \hbox (12.0pt too wide) in paragraph at lines 495--510
[][][] 
 []


Package caption Warning: \label without proper \caption on input line 519.
See the caption package documentation for explanation.


LaTeX Warning: Reference `fig:fltGrd' on page 10 undefined on input line 514.

File: ./figurer/faultedGrid.eps Graphic file (type eps)
<./figurer/faultedGrid.eps>
LaTeX Font Info:    Font shape `T1/ptm/bx/it' in size <10.95> not available
(Font)              Font shape `T1/ptm/b/it' tried instead on input line 532.
 [10] [11] [12] [13] [14]
File: ./figurer/lob_1.eps Graphic file (type eps)
 <./figurer/lob_1.eps>
File: ./figurer/lob_2.eps Graphic file (type eps)

<./figurer/lob_2.eps>
File: ./figurer/lob_3.eps Graphic file (type eps)
 <./figurer/lob_3.eps>
File: ./figurer/barrier.eps Graphic file (type eps)
 <./figurer/barrier.eps>
File: ./figurer/agr.eps Graphic file (type eps)

<./figurer/agr.eps> [15]
File: ./figurer/progradation.eps Graphic file (type eps)
 <./figurer/progradation.eps>
Underfull \vbox (badness 3492) has occurred while \output is active []

 [16]
File: ./figurer/BCPB.eps Graphic file (type eps)

<./figurer/BCPB.eps>
File: ./figurer/singlePerm.eps Graphic file (type eps)
 <./figurer/singlePerm.eps> [17]
File: ./figurer/wettability.eps Graphic file (type eps)

<./figurer/wettability.eps>
File: ./figurer/K2.eps Graphic file (type eps)
 <./figurer/K2.eps> [18]
File: ./figurer/Kr.eps Graphic file (type eps)
 <./figurer/Kr.eps> [19]
File: ./figurer/Pc.eps Graphic file (type eps)

<./figurer/Pc.eps> [20]
File: ./figurer/pipe.eps Graphic file (type eps)
 <./figurer/pipe.eps>
File: ./figurer/pch.eps Graphic file (type eps)
 <./figurer/pch.eps> [21] [22]
LaTeX Font Info:    Try loading font information for OMS+ptm on input line 1058
.

(/usr/share/texmf-dist/tex/latex/psnfss/omsptm.fd
File: omsptm.fd 
)
LaTeX Font Info:    Font shape `OMS/ptm/m/n' in size <10.95> not available
(Font)              Font shape `OMS/cmsy/m/n' tried instead on input line 1058.

 [23] [24] [25]
File: ./figurer/forceBalance_injection.eps Graphic file (type eps)

<./figurer/forceBalance_injection.eps>
File: ./figurer/forceBalance_longMigration.eps Graphic file (type eps)

<./figurer/forceBalance_longMigration.eps> [26] [27]
File: ./figurer/VACOL.eps Graphic file (type eps)
 <./figurer/VACOL.eps>
[28]
File: ./figurer/trans.eps Graphic file (type eps)
 <./figurer/trans.eps> [29]
File: ./figurer/WModel.eps Graphic file (type eps)
 <./figurer/WModel.eps> [30]
File: ./figurer/boundaries.eps Graphic file (type eps)

<./figurer/boundaries.eps>
File: ./figurer/bkw.eps Graphic file (type eps)
 <./figurer/bkw.eps> [31]
File: ./figurer/MobRes.eps Graphic file (type eps)
 <./figurer/MobRes.eps>
[32]
File: ./figurer/LR_2.eps Graphic file (type eps)
 <./figurer/LR_2.eps>
File: ./figurer/codes.eps Graphic file (type eps)
 <./figurer/codes.eps>
File: ./figurer/codes.eps Graphic file (type eps)
 <./figurer/codes.eps>
File: ./figurer/C02222_LogKz_pers.eps Graphic file (type eps)

<./figurer/C02222_LogKz_pers.eps>
File: ./figurer/C03211_LogKz_pers.eps Graphic file (type eps)
 <./figurer/C03211_LogKz_pers.eps>
File: ./figurer/C02222_LogKz_slcx.eps Graphic file (type eps)

<./figurer/C02222_LogKz_slcx.eps>
File: ./figurer/C03211_LogKz_slcx.eps Graphic file (type eps)
 <./figurer/C03211_LogKz_slcx.eps>
File: ./figurer/C02222_LogKz_slcy.eps Graphic file (type eps)

<./figurer/C02222_LogKz_slcy.eps>
File: ./figurer/C03211_LogKz_slcy.eps Graphic file (type eps)
 <./figurer/C03211_LogKz_slcy.eps>
File: ./figurer/C02222_LogKy_pers.eps Graphic file (type eps)

<./figurer/C02222_LogKy_pers.eps>
File: ./figurer/C03211_LogKy_pers.eps Graphic file (type eps)
 <./figurer/C03211_LogKy_pers.eps>
File: ./figurer/C02222_LogKy_slcx.eps Graphic file (type eps)

<./figurer/C02222_LogKy_slcx.eps>
File: ./figurer/C03211_LogKy_slcx.eps Graphic file (type eps)
 <./figurer/C03211_LogKy_slcx.eps>
File: ./figurer/C02222_LogKy_slcy.eps Graphic file (type eps)

<./figurer/C02222_LogKy_slcy.eps>
File: ./figurer/C03211_LogKy_slcy.eps Graphic file (type eps)
 <./figurer/C03211_LogKy_slcy.eps>
File: ./figurer/C02222_CO2atEOI_pers.eps Graphic file (type eps)

<./figurer/C02222_CO2atEOI_pers.eps>
File: ./figurer/C03211_CO2atEOI_pers.eps Graphic file (type eps)
 <./figurer/C03211_CO2atEOI_pers.eps>
File: ./figurer/C02222_CO2atEOI_slcx.eps Graphic file (type eps)

<./figurer/C02222_CO2atEOI_slcx.eps>
File: ./figurer/C03211_CO2atEOI_slcx.eps Graphic file (type eps)
 <./figurer/C03211_CO2atEOI_slcx.eps>
File: ./figurer/C02222_CO2atEOI_slcy.eps Graphic file (type eps)

<./figurer/C02222_CO2atEOI_slcy.eps>
File: ./figurer/C03211_CO2atEOI_slcy.eps Graphic file (type eps)
 <./figurer/C03211_CO2atEOI_slcy.eps>
File: ./figurer/C02222_CO2atEOS_pers.eps Graphic file (type eps)

<./figurer/C02222_CO2atEOS_pers.eps>
File: ./figurer/C03211_CO2atEOS_pers.eps Graphic file (type eps)
 <./figurer/C03211_CO2atEOS_pers.eps>
File: ./figurer/C02222_CO2atEOS_slcx.eps Graphic file (type eps)

<./figurer/C02222_CO2atEOS_slcx.eps>
File: ./figurer/C03211_CO2atEOS_slcx.eps Graphic file (type eps)
 <./figurer/C03211_CO2atEOS_slcx.eps>
File: ./figurer/C02222_CO2atEOS_slcy.eps Graphic file (type eps)

<./figurer/C02222_CO2atEOS_slcy.eps>
File: ./figurer/C03211_CO2atEOS_slcy.eps Graphic file (type eps)
 <./figurer/C03211_CO2atEOS_slcy.eps>
File: ./figurer/C02222_FlowSign_pers.eps Graphic file (type eps)

<./figurer/C02222_FlowSign_pers.eps>
File: ./figurer/C03211_FlowSign_pers.eps Graphic file (type eps)
 <./figurer/C03211_FlowSign_pers.eps>
File: ./figurer/C02222_FlowSign_slcx.eps Graphic file (type eps)

<./figurer/C02222_FlowSign_slcx.eps>
File: ./figurer/C03211_FlowSign_slcx.eps Graphic file (type eps)
 <./figurer/C03211_FlowSign_slcx.eps>
File: ./figurer/C02222_FlowSign_slcy.eps Graphic file (type eps)

<./figurer/C02222_FlowSign_slcy.eps>
File: ./figurer/C03211_FlowSign_slcy.eps Graphic file (type eps)
 <./figurer/C03211_FlowSign_slcy.eps>
File: ./figurer/C02222_hist_foiSX.eps Graphic file (type eps)

<./figurer/C02222_hist_foiSX.eps>
File: ./figurer/C03211_hist_foiSX.eps Graphic file (type eps)
 <./figurer/C03211_hist_foiSX.eps>
File: ./figurer/C02331_FS_UG_TY.eps Graphic file (type eps)

<./figurer/C02331_FS_UG_TY.eps>
File: ./figurer/C02332_FS_UG_TY.eps Graphic file (type eps)
 <./figurer/C02332_FS_UG_TY.eps>
File: ./figurer/C02331_FS_UG_TZNZ.eps Graphic file (type eps)

<./figurer/C02331_FS_UG_TZNZ.eps>
File: ./figurer/C02332_FS_UG_TZNZ.eps Graphic file (type eps)
 <./figurer/C02332_FS_UG_TZNZ.eps>
File: ./figurer/C02331_FS_UG_TZz.eps Graphic file (type eps)

<./figurer/C02331_FS_UG_TZz.eps>
File: ./figurer/C02332_FS_UG_TZz.eps Graphic file (type eps)
 <./figurer/C02332_FS_UG_TZz.eps>
File: ./figurer/C02331_FS_UG_STL.eps Graphic file (type eps)

<./figurer/C02331_FS_UG_STL.eps>
File: ./figurer/C02332_FS_UG_STL.eps Graphic file (type eps)
 <./figurer/C02332_FS_UG_STL.eps>
Overfull \hbox (23.99998pt too wide) in paragraph at lines 1960--1974
[][][] 
 []

[33] [34] [35] [36] [37] [38] [39] [40]
Underfull \vbox (badness 8113) has occurred while \output is active []

 [41]
[42] [43]
File: ./figurer/col.eps Graphic file (type eps)
 <./figurer/col.eps> [44] [45] [46]
File: ./figurer/ENCL.eps Graphic file (type eps)
 <./figurer/ENCL.eps> [47])
[48]
\openout2 = `introduction_papers.aux'.

 (./introduction_papers.tex
Chapter 2.

Underfull \vbox (badness 10000) has occurred while \output is active []

 [49



]
[50] [51]
Underfull \vbox (badness 2213) has occurred while \output is active []

 [52])
[53]
\openout2 = `papers.aux'.

 (./papers.tex [54



]
Chapter 3.

Underfull \vbox (badness 10000) has occurred while \output is active []

 [55]
[56

]
LaTeX Font Info:    Font shape `OT1/ptm/bx/n' in size <17.28> not available
(Font)              Font shape `OT1/ptm/b/n' tried instead on input line 7.
LaTeX Font Info:    Font shape `OT1/ptm/bx/n' in size <10> not available
(Font)              Font shape `OT1/ptm/b/n' tried instead on input line 7.


Package hyperref Warning: Token not allowed in a PDF string (PDFDocEncoding):
(hyperref)                removing `math shift' on input line 7.


Package hyperref Warning: Token not allowed in a PDF string (PDFDocEncoding):
(hyperref)                removing `subscript' on input line 7.


Package hyperref Warning: Token not allowed in a PDF string (PDFDocEncoding):
(hyperref)                removing `math shift' on input line 7.


Underfull \hbox (badness 10000) in paragraph at lines 9--11

 []

[57] [58

]
File: ../papers/paper-1/page_0.ps Graphic file (type eps)
 <../papers/paper-1/page_0.ps>

Package Fancyhdr Warning: \headheight is too small (15.0pt): 
 Make it at least 27.11798pt.
 We now make it that large for the rest of the document.
 This may cause the page layout to be inconsistent, however.

[59] [60


]

Package hyperref Warning: Token not allowed in a PDF string (PDFDocEncoding):
(hyperref)                removing `math shift' on input line 24.


Package hyperref Warning: Token not allowed in a PDF string (PDFDocEncoding):
(hyperref)                removing `subscript' on input line 24.


Package hyperref Warning: Token not allowed in a PDF string (PDFDocEncoding):
(hyperref)                removing `math shift' on input line 24.


Underfull \hbox (badness 10000) in paragraph at lines 26--27

 []

[61] [62

]
File: ../papers/paper-2/page_0.ps Graphic file (type eps)
 <../papers/paper-2/page_0.ps> [63] [64


]

Package hyperref Warning: Token not allowed in a PDF string (PDFDocEncoding):
(hyperref)                removing `math shift' on input line 41.


Package hyperref Warning: Token not allowed in a PDF string (PDFDocEncoding):
(hyperref)                removing `subscript' on input line 41.


Package hyperref Warning: Token not allowed in a PDF string (PDFDocEncoding):
(hyperref)                removing `math shift' on input line 41.


Underfull \hbox (badness 10000) in paragraph at lines 43--44

 []

[65] [66

]
File: ../papers/paper-3/page_0.ps Graphic file (type eps)
 <../papers/paper-3/page_0.ps> [67])
\openout2 = `appendixA.aux'.

 (./appendixA.tex) [68





]
(./thesis.bbl (./thesis.brf)
\tf@brf=\write6
\openout6 = `thesis.brf'.

LaTeX Font Info:    Try loading font information for T1+cmtt on input line 7.
 (/usr/share/texmf-dist/tex/latex/base/t1cmtt.fd
File: t1cmtt.fd 1999/05/25 v2.5h Standard LaTeX font definitions
)
[69

] [70] [71] [72])

Package natbib Warning: There were undefined citations.

Package atveryend Info: Empty hook `BeforeClearDocument' on input line 235.
[73]
Package atveryend Info: Empty hook `AfterLastShipout' on input line 235.
 (./thesis.aux (./scientific_environment.aux) (./acknowledgements.aux)
(./abstract.aux) (./listofpublications.aux) (./introduction.aux)
(./introduction_papers.aux) (./papers.aux) (./appendixA.aux))
Package atveryend Info: Empty hook `AtVeryEndDocument' on input line 235.
Package atveryend Info: Executing hook `AtEndAfterFileList' on input line 235.
Package rerunfilecheck Info: File `thesis.out' has not changed.
(rerunfilecheck)             Checksum: 2844BD6D7D4688956B8D4CC55D860C27;2589.
Package rerunfilecheck Info: File `thesis.brf' has not changed.
(rerunfilecheck)             Checksum: ABA84CF847DF3713AA66730E45795233;6749.


LaTeX Warning: There were undefined references.


LaTeX Warning: There were multiply-defined labels.

Package atveryend Info: Empty hook `AtVeryVeryEnd' on input line 235.
 ) 
Here is how much of TeX's memory you used:
 10680 strings out of 493489
 159164 string characters out of 3146902
 253802 words of memory out of 3000000
 13651 multiletter control sequences out of 15000+200000
 86753 words of font info for 160 fonts, out of 3000000 for 9000
 957 hyphenation exceptions out of 8191
 44i,17n,48p,1187b,672s stack positions out of 5000i,500n,10000p,200000b,50000s

Output written on thesis.dvi (87 pages, 351544 bytes).
